app/build/intermediates/manifest_merge_blame_file/debug/manifest-merger-blame-debug-report.txt
1<?xml version="1.0" encoding="utf-8"?>
2<manifest xmlns:android="http://schemas.android.com/apk/res/android"
3    package="com.narify.forecasty"
4    android:targetSandboxVersion="1"
5    android:versionCode="1"
6    android:versionName="1.0" >
7
8    <uses-sdk
9        android:minSdkVersion="16"
9-->src\main\AndroidManifest.xml
10        android:targetSdkVersion="30" />
10-->src\main\AndroidManifest.xml
11
12    <uses-permission android:name="android.permission.INTERNET" />
12-->src\main\AndroidManifest.xml:8:5-67
12-->src\main\AndroidManifest.xml:8:22-64
13    <uses-permission android:name="android.permission.ACCESS_NETWORK_STATE" />
13-->src\main\AndroidManifest.xml:9:5-79
13-->src\main\AndroidManifest.xml:9:22-76
14    <uses-permission android:name="android.permission.ACCESS_FINE_LOCATION" />
14-->src\main\AndroidManifest.xml:10:5-79
14-->src\main\AndroidManifest.xml:10:22-76
15    <uses-permission android:name="android.permission.WAKE_LOCK" />
15-->[androidx.work:work-runtime:2.4.0] AndroidManifest.xml:25:5-68
15-->[androidx.work:work-runtime:2.4.0] AndroidManifest.xml:25:22-65
16    <uses-permission android:name="android.permission.RECEIVE_BOOT_COMPLETED" />
16-->[androidx.work:work-runtime:2.4.0] AndroidManifest.xml:27:5-81
16-->[androidx.work:work-runtime:2.4.0] AndroidManifest.xml:27:22-78
17    <uses-permission android:name="android.permission.FOREGROUND_SERVICE" />
17-->[androidx.work:work-runtime:2.4.0] AndroidManifest.xml:28:5-77
17-->[androidx.work:work-runtime:2.4.0] AndroidManifest.xml:28:22-74
18    <uses-permission android:name="android.permission.WRITE_EXTERNAL_STORAGE" />
19    <uses-permission android:name="android.permission.READ_PHONE_STATE" />
20    <uses-permission android:name="android.permission.READ_EXTERNAL_STORAGE" />
21
22    <application
22-->src\main\AndroidManifest.xml:12:5-46:19
23        android:name="com.narify.forecasty.ForecastyApplication"
23-->src\main\AndroidManifest.xml:13:9-65
24        android:allowBackup="true"
24-->src\main\AndroidManifest.xml:15:9-35
25        android:appComponentFactory="androidx.core.app.CoreComponentFactory"
25-->[androidx.core:core:1.3.1] AndroidManifest.xml:24:18-86
26        android:debuggable="true"
27        android:icon="@drawable/ic_launcher"
27-->src\main\AndroidManifest.xml:16:9-45
28        android:label="@string/app_name"
28-->src\main\AndroidManifest.xml:17:9-41
29        android:supportsRtl="true"
29-->src\main\AndroidManifest.xml:18:9-35
30        android:testOnly="true"
31        android:theme="@style/AppTheme"
31-->src\main\AndroidManifest.xml:14:9-40
32        android:usesCleartextTraffic="true" >
32-->src\main\AndroidManifest.xml:19:9-44
33        <activity
33-->src\main\AndroidManifest.xml:21:9-23:46
34            android:name="com.narify.forecasty.ui.activities.PickPlaceActivity"
34-->src\main\AndroidManifest.xml:22:13-80
35            android:launchMode="singleTop" />
35-->src\main\AndroidManifest.xml:23:13-43
36        <activity
36-->src\main\AndroidManifest.xml:24:9-33:20
37            android:name="com.narify.forecasty.ui.activities.SplashActivity"
37-->src\main\AndroidManifest.xml:25:13-77
38            android:launchMode="singleTop"
38-->src\main\AndroidManifest.xml:26:13-43
39            android:theme="@style/SplashTheme" >
39-->src\main\AndroidManifest.xml:27:13-47
40            <intent-filter>
40-->src\main\AndroidManifest.xml:28:13-32:29
41                <action android:name="android.intent.action.MAIN" />
41-->src\main\AndroidManifest.xml:29:17-69
41-->src\main\AndroidManifest.xml:29:25-66
42
43                <category android:name="android.intent.category.LAUNCHER" />
43-->src\main\AndroidManifest.xml:31:17-77
43-->src\main\AndroidManifest.xml:31:27-74
44            </intent-filter>
45        </activity>
46        <activity
46-->src\main\AndroidManifest.xml:34:9-38:92
47            android:name="com.narify.forecasty.ui.activities.SettingsActivity"
47-->src\main\AndroidManifest.xml:35:13-79
48            android:label="@string/settings_activity_title"
48-->src\main\AndroidManifest.xml:36:13-60
49            android:launchMode="singleTop"
49-->src\main\AndroidManifest.xml:37:13-43
50            android:parentActivityName="com.narify.forecasty.ui.activities.MainActivity" />
50-->src\main\AndroidManifest.xml:38:13-89
51        <activity
51-->src\main\AndroidManifest.xml:39:9-41:46
52            android:name="com.narify.forecasty.ui.activities.MainActivity"
52-->src\main\AndroidManifest.xml:40:13-75
53            android:launchMode="singleTop" />
53-->src\main\AndroidManifest.xml:41:13-43
54
55        <meta-data
55-->src\main\AndroidManifest.xml:43:9-45:57
56            android:name="preloaded_fonts"
56-->src\main\AndroidManifest.xml:44:13-43
57            android:resource="@array/preloaded_fonts" />
57-->src\main\AndroidManifest.xml:45:13-54
58
59        <activity
59-->[com.google.android.gms:play-services-base:17.3.0] AndroidManifest.xml:23:9-26:75
60            android:name="com.google.android.gms.common.api.GoogleApiActivity"
60-->[com.google.android.gms:play-services-base:17.3.0] AndroidManifest.xml:24:13-79
61            android:exported="false"
61-->[com.google.android.gms:play-services-base:17.3.0] AndroidManifest.xml:25:13-37
62            android:theme="@android:style/Theme.Translucent.NoTitleBar" />
62-->[com.google.android.gms:play-services-base:17.3.0] AndroidManifest.xml:26:13-72
63
64        <meta-data
64-->[com.google.android.gms:play-services-basement:17.3.0] AndroidManifest.xml:23:9-25:69
65            android:name="com.google.android.gms.version"
65-->[com.google.android.gms:play-services-basement:17.3.0] AndroidManifest.xml:24:13-58
66            android:value="@integer/google_play_services_version" />
66-->[com.google.android.gms:play-services-basement:17.3.0] AndroidManifest.xml:25:13-66
67
68        <provider
68-->[androidx.work:work-runtime:2.4.0] AndroidManifest.xml:31:9-37:35
69            android:name="androidx.work.impl.WorkManagerInitializer"
69-->[androidx.work:work-runtime:2.4.0] AndroidManifest.xml:32:13-69
70            android:authorities="com.narify.forecasty.workmanager-init"
70-->[androidx.work:work-runtime:2.4.0] AndroidManifest.xml:33:13-68
71            android:directBootAware="false"
71-->[androidx.work:work-runtime:2.4.0] AndroidManifest.xml:34:13-44
72            android:exported="false"
72-->[androidx.work:work-runtime:2.4.0] AndroidManifest.xml:35:13-37
73            android:multiprocess="true" />
73-->[androidx.work:work-runtime:2.4.0] AndroidManifest.xml:36:13-40
74
75        <service
75-->[androidx.work:work-runtime:2.4.0] AndroidManifest.xml:39:9-44:35
76            android:name="androidx.work.impl.background.systemalarm.SystemAlarmService"
76-->[androidx.work:work-runtime:2.4.0] AndroidManifest.xml:40:13-88
77            android:directBootAware="false"
77-->[androidx.work:work-runtime:2.4.0] AndroidManifest.xml:41:13-44
78            android:enabled="@bool/enable_system_alarm_service_default"
78-->[androidx.work:work-runtime:2.4.0] AndroidManifest.xml:42:13-72
79            android:exported="false" />
79-->[androidx.work:work-runtime:2.4.0] AndroidManifest.xml:43:13-37
80        <service
80-->[androidx.work:work-runtime:2.4.0] AndroidManifest.xml:45:9-51:35
81            android:name="androidx.work.impl.background.systemjob.SystemJobService"
81-->[androidx.work:work-runtime:2.4.0] AndroidManifest.xml:46:13-84
82            android:directBootAware="false"
82-->[androidx.work:work-runtime:2.4.0] AndroidManifest.xml:47:13-44
83            android:enabled="@bool/enable_system_job_service_default"
83-->[androidx.work:work-runtime:2.4.0] AndroidManifest.xml:48:13-70
84            android:exported="true"
84-->[androidx.work:work-runtime:2.4.0] AndroidManifest.xml:49:13-36
85            android:permission="android.permission.BIND_JOB_SERVICE" />
85-->[androidx.work:work-runtime:2.4.0] AndroidManifest.xml:50:13-69
86        <service
86-->[androidx.work:work-runtime:2.4.0] AndroidManifest.xml:52:9-57:35
87            android:name="androidx.work.impl.foreground.SystemForegroundService"
87-->[androidx.work:work-runtime:2.4.0] AndroidManifest.xml:53:13-81
88            android:directBootAware="false"
88-->[androidx.work:work-runtime:2.4.0] AndroidManifest.xml:54:13-44
89            android:enabled="@bool/enable_system_foreground_service_default"
89-->[androidx.work:work-runtime:2.4.0] AndroidManifest.xml:55:13-77
90            android:exported="false" />
90-->[androidx.work:work-runtime:2.4.0] AndroidManifest.xml:56:13-37
91
92        <receiver
92-->[androidx.work:work-runtime:2.4.0] AndroidManifest.xml:59:9-64:35
93            android:name="androidx.work.impl.utils.ForceStopRunnable$BroadcastReceiver"
93-->[androidx.work:work-runtime:2.4.0] AndroidManifest.xml:60:13-88
94            android:directBootAware="false"
94-->[androidx.work:work-runtime:2.4.0] AndroidManifest.xml:61:13-44
95            android:enabled="true"
95-->[androidx.work:work-runtime:2.4.0] AndroidManifest.xml:62:13-35
96            android:exported="false" />
96-->[androidx.work:work-runtime:2.4.0] AndroidManifest.xml:63:13-37
97        <receiver
97-->[androidx.work:work-runtime:2.4.0] AndroidManifest.xml:65:9-75:20
98            android:name="androidx.work.impl.background.systemalarm.ConstraintProxy$BatteryChargingProxy"
98-->[androidx.work:work-runtime:2.4.0] AndroidManifest.xml:66:13-106
99            android:directBootAware="false"
99-->[androidx.work:work-runtime:2.4.0] AndroidManifest.xml:67:13-44
100            android:enabled="false"
100-->[androidx.work:work-runtime:2.4.0] AndroidManifest.xml:68:13-36
101            android:exported="false" >
101-->[androidx.work:work-runtime:2.4.0] AndroidManifest.xml:69:13-37
102            <intent-filter>
102-->[androidx.work:work-runtime:2.4.0] AndroidManifest.xml:71:13-74:29
103                <action android:name="android.intent.action.ACTION_POWER_CONNECTED" />
103-->[androidx.work:work-runtime:2.4.0] AndroidManifest.xml:72:17-87
103-->[androidx.work:work-runtime:2.4.0] AndroidManifest.xml:72:25-84
104                <action android:name="android.intent.action.ACTION_POWER_DISCONNECTED" />
104-->[androidx.work:work-runtime:2.4.0] AndroidManifest.xml:73:17-90
104-->[androidx.work:work-runtime:2.4.0] AndroidManifest.xml:73:25-87
105            </intent-filter>
106        </receiver>
107        <receiver
107-->[androidx.work:work-runtime:2.4.0] AndroidManifest.xml:76:9-86:20
108            android:name="androidx.work.impl.background.systemalarm.ConstraintProxy$BatteryNotLowProxy"
108-->[androidx.work:work-runtime:2.4.0] AndroidManifest.xml:77:13-104
109            android:directBootAware="false"
109-->[androidx.work:work-runtime:2.4.0] AndroidManifest.xml:78:13-44
110            android:enabled="false"
110-->[androidx.work:work-runtime:2.4.0] AndroidManifest.xml:79:13-36
111            android:exported="false" >
111-->[androidx.work:work-runtime:2.4.0] AndroidManifest.xml:80:13-37
112            <intent-filter>
112-->[androidx.work:work-runtime:2.4.0] AndroidManifest.xml:82:13-85:29
113                <action android:name="android.intent.action.BATTERY_OKAY" />
113-->[androidx.work:work-runtime:2.4.0] AndroidManifest.xml:83:17-77
113-->[androidx.work:work-runtime:2.4.0] AndroidManifest.xml:83:25-74
114                <action android:name="android.intent.action.BATTERY_LOW" />
114-->[androidx.work:work-runtime:2.4.0] AndroidManifest.xml:84:17-76
114-->[androidx.work:work-runtime:2.4.0] AndroidManifest.xml:84:25-73
115            </intent-filter>
116        </receiver>
117        <receiver
117-->[androidx.work:work-runtime:2.4.0] AndroidManifest.xml:87:9-97:20
118            android:name="androidx.work.impl.background.systemalarm.ConstraintProxy$StorageNotLowProxy"
118-->[androidx.work:work-runtime:2.4.0] AndroidManifest.xml:88:13-104
119            android:directBootAware="false"
119-->[androidx.work:work-runtime:2.4.0] AndroidManifest.xml:89:13-44
120            android:enabled="false"
120-->[androidx.work:work-runtime:2.4.0] AndroidManifest.xml:90:13-36
121            android:exported="false" >
121-->[androidx.work:work-runtime:2.4.0] AndroidManifest.xml:91:13-37
122            <intent-filter>
122-->[androidx.work:work-runtime:2.4.0] AndroidManifest.xml:93:13-96:29
123                <action android:name="android.intent.action.DEVICE_STORAGE_LOW" />
123-->[androidx.work:work-runtime:2.4.0] AndroidManifest.xml:94:17-83
123-->[androidx.work:work-runtime:2.4.0] AndroidManifest.xml:94:25-80
124                <action android:name="android.intent.action.DEVICE_STORAGE_OK" />
124-->[androidx.work:work-runtime:2.4.0] AndroidManifest.xml:95:17-82
124-->[androidx.work:work-runtime:2.4.0] AndroidManifest.xml:95:25-79
125            </intent-filter>
126        </receiver>
127        <receiver
127-->[androidx.work:work-runtime:2.4.0] AndroidManifest.xml:98:9-107:20
128            android:name="androidx.work.impl.background.systemalarm.ConstraintProxy$NetworkStateProxy"
128-->[androidx.work:work-runtime:2.4.0] AndroidManifest.xml:99:13-103
129            android:directBootAware="false"
129-->[androidx.work:work-runtime:2.4.0] AndroidManifest.xml:100:13-44
130            android:enabled="false"
130-->[androidx.work:work-runtime:2.4.0] AndroidManifest.xml:101:13-36
131            android:exported="false" >
131-->[androidx.work:work-runtime:2.4.0] AndroidManifest.xml:102:13-37
132            <intent-filter>
132-->[androidx.work:work-runtime:2.4.0] AndroidManifest.xml:104:13-106:29
133                <action android:name="android.net.conn.CONNECTIVITY_CHANGE" />
133-->[androidx.work:work-runtime:2.4.0] AndroidManifest.xml:105:17-79
133-->[androidx.work:work-runtime:2.4.0] AndroidManifest.xml:105:25-76
134            </intent-filter>
135        </receiver>
136        <receiver
136-->[androidx.work:work-runtime:2.4.0] AndroidManifest.xml:108:9-119:20
137            android:name="androidx.work.impl.background.systemalarm.RescheduleReceiver"
137-->[androidx.work:work-runtime:2.4.0] AndroidManifest.xml:109:13-88
138            android:directBootAware="false"
138-->[androidx.work:work-runtime:2.4.0] AndroidManifest.xml:110:13-44
139            android:enabled="false"
139-->[androidx.work:work-runtime:2.4.0] AndroidManifest.xml:111:13-36
140            android:exported="false" >
140-->[androidx.work:work-runtime:2.4.0] AndroidManifest.xml:112:13-37
141            <intent-filter>
141-->[androidx.work:work-runtime:2.4.0] AndroidManifest.xml:114:13-118:29
142                <action android:name="android.intent.action.BOOT_COMPLETED" />
142-->[androidx.work:work-runtime:2.4.0] AndroidManifest.xml:115:17-79
142-->[androidx.work:work-runtime:2.4.0] AndroidManifest.xml:115:25-76
143                <action android:name="android.intent.action.TIME_SET" />
143-->[androidx.work:work-runtime:2.4.0] AndroidManifest.xml:116:17-73
143-->[androidx.work:work-runtime:2.4.0] AndroidManifest.xml:116:25-70
144                <action android:name="android.intent.action.TIMEZONE_CHANGED" />
144-->[androidx.work:work-runtime:2.4.0] AndroidManifest.xml:117:17-81
144-->[androidx.work:work-runtime:2.4.0] AndroidManifest.xml:117:25-78
145            </intent-filter>
146        </receiver>
147        <receiver
147-->[androidx.work:work-runtime:2.4.0] AndroidManifest.xml:120:9-129:20
148            android:name="androidx.work.impl.background.systemalarm.ConstraintProxyUpdateReceiver"
148-->[androidx.work:work-runtime:2.4.0] AndroidManifest.xml:121:13-99
149            android:directBootAware="false"
149-->[androidx.work:work-runtime:2.4.0] AndroidManifest.xml:122:13-44
150            android:enabled="@bool/enable_system_alarm_service_default"
150-->[androidx.work:work-runtime:2.4.0] AndroidManifest.xml:123:13-72
151            android:exported="false" >
151-->[androidx.work:work-runtime:2.4.0] AndroidManifest.xml:124:13-37
152            <intent-filter>
152-->[androidx.work:work-runtime:2.4.0] AndroidManifest.xml:126:13-128:29
153                <action android:name="androidx.work.impl.background.systemalarm.UpdateProxies" />
153-->[androidx.work:work-runtime:2.4.0] AndroidManifest.xml:127:17-98
153-->[androidx.work:work-runtime:2.4.0] AndroidManifest.xml:127:25-95
154            </intent-filter>
155        </receiver>
156        <receiver
156-->[androidx.work:work-runtime:2.4.0] AndroidManifest.xml:130:9-140:20
157            android:name="androidx.work.impl.diagnostics.DiagnosticsReceiver"
157-->[androidx.work:work-runtime:2.4.0] AndroidManifest.xml:131:13-78
158            android:directBootAware="false"
158-->[androidx.work:work-runtime:2.4.0] AndroidManifest.xml:132:13-44
159            android:enabled="true"
159-->[androidx.work:work-runtime:2.4.0] AndroidManifest.xml:133:13-35
160            android:exported="true"
160-->[androidx.work:work-runtime:2.4.0] AndroidManifest.xml:134:13-36
161            android:permission="android.permission.DUMP" >
161-->[androidx.work:work-runtime:2.4.0] AndroidManifest.xml:135:13-57
162            <intent-filter>
162-->[androidx.work:work-runtime:2.4.0] AndroidManifest.xml:137:13-139:29
163                <action android:name="androidx.work.diagnostics.REQUEST_DIAGNOSTICS" />
163-->[androidx.work:work-runtime:2.4.0] AndroidManifest.xml:138:17-88
163-->[androidx.work:work-runtime:2.4.0] AndroidManifest.xml:138:25-85
164            </intent-filter>
165        </receiver>
166
167        <service
167-->[androidx.room:room-runtime:2.2.5] AndroidManifest.xml:25:9-28:40
168            android:name="androidx.room.MultiInstanceInvalidationService"
168-->[androidx.room:room-runtime:2.2.5] AndroidManifest.xml:26:13-74
169            android:directBootAware="true"
169-->[androidx.room:room-runtime:2.2.5] AndroidManifest.xml:27:13-43
170            android:exported="false" />
170-->[androidx.room:room-runtime:2.2.5] AndroidManifest.xml:28:13-37
171
172        <provider
172-->[androidx.lifecycle:lifecycle-process:2.2.0] AndroidManifest.xml:25:9-29:43
173            android:name="androidx.lifecycle.ProcessLifecycleOwnerInitializer"
173-->[androidx.lifecycle:lifecycle-process:2.2.0] AndroidManifest.xml:26:13-79
174            android:authorities="com.narify.forecasty.lifecycle-process"
174-->[androidx.lifecycle:lifecycle-process:2.2.0] AndroidManifest.xml:27:13-69
175            android:exported="false"
175-->[androidx.lifecycle:lifecycle-process:2.2.0] AndroidManifest.xml:28:13-37
176            android:multiprocess="true" />
176-->[androidx.lifecycle:lifecycle-process:2.2.0] AndroidManifest.xml:29:13-40
177    </application>
178
179</manifest>